0 info it worked if it ends with ok
1 verbose cli [ '/usr/local/bin/node',
1 verbose cli   '/usr/local/bin/npm',
1 verbose cli   'install',
1 verbose cli   'socket.io' ]
2 info using npm@1.4.28
3 info using node@v0.13.0-pre
4 verbose readDependencies using package.json deps
5 verbose cache add [ 'socket.io', null ]
6 verbose cache add name=undefined spec="socket.io" args=["socket.io",null]
7 verbose parsed url { protocol: null,
7 verbose parsed url   slashes: null,
7 verbose parsed url   auth: null,
7 verbose parsed url   host: null,
7 verbose parsed url   port: null,
7 verbose parsed url   hostname: null,
7 verbose parsed url   hash: null,
7 verbose parsed url   search: null,
7 verbose parsed url   query: null,
7 verbose parsed url   pathname: 'socket.io',
7 verbose parsed url   path: 'socket.io',
7 verbose parsed url   href: 'socket.io' }
8 silly lockFile 71475bfd-socket-io socket.io
9 verbose lock socket.io /home/nitin/.npm/71475bfd-socket-io.lock
10 silly lockFile 71475bfd-socket-io socket.io
11 silly lockFile 71475bfd-socket-io socket.io
12 verbose addNamed [ 'socket.io', '' ]
13 verbose addNamed [ null, '*' ]
14 silly lockFile c03de861-socket-io socket.io@
15 verbose lock socket.io@ /home/nitin/.npm/c03de861-socket-io.lock
16 silly addNameRange { name: 'socket.io', range: '*', hasData: false }
17 verbose request where is /socket.io
18 verbose request registry http://registry.npmjs.org/
19 verbose request id db54732ae410a378
20 verbose url raw /socket.io
21 verbose url resolving [ 'http://registry.npmjs.org/', './socket.io' ]
22 verbose url resolved http://registry.npmjs.org/socket.io
23 verbose request where is http://registry.npmjs.org/socket.io
24 info trying registry request attempt 1 at 22:06:53
25 verbose etag "757NUZAL1QNARWY1FM202BBMC"
26 http GET http://registry.npmjs.org/socket.io
27 http 200 http://registry.npmjs.org/socket.io
28 silly registry.get cb [ 200,
28 silly registry.get   { server: 'CouchDB/1.6.1 (Erlang OTP/R14B04)',
28 silly registry.get     etag: '"AS33UYYYAXF1YOR6QNBDSZ4WN"',
28 silly registry.get     'content-type': 'application/json',
28 silly registry.get     'cache-control': 'max-age=60',
28 silly registry.get     'content-length': '109078',
28 silly registry.get     'accept-ranges': 'bytes',
28 silly registry.get     date: 'Fri, 06 Feb 2015 03:06:52 GMT',
28 silly registry.get     via: '1.1 varnish',
28 silly registry.get     age: '55',
28 silly registry.get     connection: 'close',
28 silly registry.get     'x-served-by': 'cache-atl6234-ATL',
28 silly registry.get     'x-cache': 'HIT',
28 silly registry.get     'x-cache-hits': '3',
28 silly registry.get     'x-timer': 'S1423192012.908959,VS0,VE0',
28 silly registry.get     vary: 'Accept' } ]
29 silly addNameRange number 2 { name: 'socket.io', range: '*', hasData: true }
30 silly addNameRange versions [ 'socket.io',
30 silly addNameRange   [ '0.3.8',
30 silly addNameRange     '0.4.0',
30 silly addNameRange     '0.4.1',
30 silly addNameRange     '0.5.1',
30 silly addNameRange     '0.5.3',
30 silly addNameRange     '0.6.0',
30 silly addNameRange     '0.6.1',
30 silly addNameRange     '0.6.3',
30 silly addNameRange     '0.6.4',
30 silly addNameRange     '0.6.5',
30 silly addNameRange     '0.6.6',
30 silly addNameRange     '0.6.7',
30 silly addNameRange     '0.6.8',
30 silly addNameRange     '0.6.9',
30 silly addNameRange     '0.6.10',
30 silly addNameRange     '0.6.11',
30 silly addNameRange     '0.6.12',
30 silly addNameRange     '0.6.14',
30 silly addNameRange     '0.6.15',
30 silly addNameRange     '0.6.16',
30 silly addNameRange     '0.6.17',
30 silly addNameRange     '0.6.18',
30 silly addNameRange     '0.7.0',
30 silly addNameRange     '0.7.1',
30 silly addNameRange     '0.7.2',
30 silly addNameRange     '0.7.3',
30 silly addNameRange     '0.7.4',
30 silly addNameRange     '0.7.5',
30 silly addNameRange     '0.7.6',
30 silly addNameRange     '0.7.7',
30 silly addNameRange     '0.7.8',
30 silly addNameRange     '0.7.9',
30 silly addNameRange     '0.7.10',
30 silly addNameRange     '0.7.11',
30 silly addNameRange     '0.8.0',
30 silly addNameRange     '0.8.1',
30 silly addNameRange     '0.8.2',
30 silly addNameRange     '0.8.3',
30 silly addNameRange     '0.8.4',
30 silly addNameRange     '0.8.5',
30 silly addNameRange     '0.8.6',
30 silly addNameRange     '0.8.7',
30 silly addNameRange     '0.9.0',
30 silly addNameRange     '0.9.1',
30 silly addNameRange     '0.9.1-1',
30 silly addNameRange     '0.9.2',
30 silly addNameRange     '0.9.3',
30 silly addNameRange     '0.9.4',
30 silly addNameRange     '0.9.5',
30 silly addNameRange     '0.9.6',
30 silly addNameRange     '0.9.7',
30 silly addNameRange     '0.9.8',
30 silly addNameRange     '0.9.9',
30 silly addNameRange     '0.9.10',
30 silly addNameRange     '0.9.11',
30 silly addNameRange     '0.9.12',
30 silly addNameRange     '0.9.13',
30 silly addNameRange     '0.9.14',
30 silly addNameRange     '0.9.15',
30 silly addNameRange     '0.9.16',
30 silly addNameRange     '1.0.0-pre',
30 silly addNameRange     '1.0.0-pre2',
30 silly addNameRange     '1.0.0-pre3',
30 silly addNameRange     '1.0.0-pre4',
30 silly addNameRange     '1.0.0-pre5',
30 silly addNameRange     '0.9.17',
30 silly addNameRange     '1.0.0',
30 silly addNameRange     '1.0.1',
30 silly addNameRange     '1.0.2',
30 silly addNameRange     '1.0.3',
30 silly addNameRange     '1.0.4',
30 silly addNameRange     '1.0.5',
30 silly addNameRange     '1.0.6',
30 silly addNameRange     '1.1.0',
30 silly addNameRange     '1.2.0',
30 silly addNameRange     '1.2.1',
30 silly addNameRange     '1.3.0',
30 silly addNameRange     '1.3.1',
30 silly addNameRange     '1.3.2',
30 silly addNameRange     '1.3.3' ] ]
31 verbose addNamed [ 'socket.io', '1.3.3' ]
32 verbose addNamed [ '1.3.3', '1.3.3' ]
33 silly lockFile f25d1c30-socket-io-1-3-3 socket.io@1.3.3
34 verbose lock socket.io@1.3.3 /home/nitin/.npm/f25d1c30-socket-io-1-3-3.lock
35 silly lockFile fe053199-rg-socket-io-socket-io-1-3-3-tgz http://registry.npmjs.org/socket.io/-/socket.io-1.3.3.tgz
36 verbose lock http://registry.npmjs.org/socket.io/-/socket.io-1.3.3.tgz /home/nitin/.npm/fe053199-rg-socket-io-socket-io-1-3-3-tgz.lock
37 verbose addRemoteTarball [ 'http://registry.npmjs.org/socket.io/-/socket.io-1.3.3.tgz',
37 verbose addRemoteTarball   '2a1b62bf3a0205488d3a19573b53648262770f2b' ]
38 info retry fetch attempt 1 at 22:06:53
39 verbose fetch to= /tmp/npm-7813-leruD_G8/registry.npmjs.org/socket.io/-/socket.io-1.3.3.tgz
40 http GET http://registry.npmjs.org/socket.io/-/socket.io-1.3.3.tgz
41 http 200 http://registry.npmjs.org/socket.io/-/socket.io-1.3.3.tgz
42 silly lockFile fe053199-rg-socket-io-socket-io-1-3-3-tgz http://registry.npmjs.org/socket.io/-/socket.io-1.3.3.tgz
43 silly lockFile fe053199-rg-socket-io-socket-io-1-3-3-tgz http://registry.npmjs.org/socket.io/-/socket.io-1.3.3.tgz
44 silly lockFile f25d1c30-socket-io-1-3-3 socket.io@1.3.3
45 silly lockFile f25d1c30-socket-io-1-3-3 socket.io@1.3.3
46 silly lockFile c03de861-socket-io socket.io@
47 silly lockFile c03de861-socket-io socket.io@
48 error Error: EACCES, mkdir '/home/nitin/.npm/socket.io/1.3.3'
48 error     at Error (native)
48 error  { [Error: EACCES, mkdir '/home/nitin/.npm/socket.io/1.3.3']
48 error   stack: 'Error: EACCES, mkdir \'/home/nitin/.npm/socket.io/1.3.3\'\n    at Error (native)',
48 error   errno: -13,
48 error   code: 'EACCES',
48 error   path: '/home/nitin/.npm/socket.io/1.3.3',
48 error   parent: 'ping-pong' }
49 error Please try running this command again as root/Administrator.
50 error System Linux 3.13.0-45-generic
51 error command "/usr/local/bin/node" "/usr/local/bin/npm" "install" "socket.io"
52 error cwd /home/nitin/csc591/ping-pong/ping-pong
53 error node -v v0.13.0-pre
54 error npm -v 1.4.28
55 error path /home/nitin/.npm/socket.io/1.3.3
56 error code EACCES
57 error errno -13
58 error stack Error: EACCES, mkdir '/home/nitin/.npm/socket.io/1.3.3'
58 error stack     at Error (native)
59 verbose exit [ -13, true ]
